<?xml version="1.0" encoding="UTF-8"?>
<testsuite name="AppTest" tests="3" skipped="0" failures="0" errors="0" timestamp="2022-08-26T04:31:48" hostname="MNLITA11-W10" time="0.019">
  <properties/>
  <testcase name="should_use_buy_30_save_6_sales_promotion" classname="AppTest" time="0.018"/>
  <testcase name="should_use_no_sales_promotion" classname="AppTest" time="0.0"/>
  <testcase name="should_use_50_percentage_sales_promotion" classname="AppTest" time="0.001"/>
  <system-out><![CDATA[]]></system-out>
  <system-err><![CDATA[]]></system-err>
</testsuite>
